[debug] [2021-01-08T04:43:33.200Z] ----------------------------------------------------------------------
[debug] [2021-01-08T04:43:33.204Z] Command:       /usr/bin/node /usr/local/bin/firebase deploy
[debug] [2021-01-08T04:43:33.204Z] CLI Version:   8.19.0
[debug] [2021-01-08T04:43:33.205Z] Platform:      linux
[debug] [2021-01-08T04:43:33.205Z] Node Version:  v10.19.0
[debug] [2021-01-08T04:43:33.205Z] Time:          Fri Jan 08 2021 12:43:33 GMT+0800 (Ulaanbaatar Standard Time)
[debug] [2021-01-08T04:43:33.205Z] ----------------------------------------------------------------------
[debug] [2021-01-08T04:43:33.205Z] 
[debug] [2021-01-08T04:43:33.216Z] > command requires scopes: ["email","openid","https://www.googleapis.com/auth/cloudplatformprojects.readonly","https://www.googleapis.com/auth/firebase","https://www.googleapis.com/auth/cloud-platform"]
[debug] [2021-01-08T04:43:33.216Z] > authorizing via signed-in user
[debug] [2021-01-08T04:43:33.217Z] [iam] checking project to-do-8bf05 for permissions ["firebase.projects.get","firebasehosting.sites.update"]
[debug] [2021-01-08T04:43:33.222Z] >>> HTTP REQUEST POST https://cloudresourcemanager.googleapis.com/v1/projects/to-do-8bf05:testIamPermissions  
 {"permissions":["firebase.projects.get","firebasehosting.sites.update"]}
[debug] [2021-01-08T04:43:34.471Z] <<< HTTP RESPONSE 200 {"content-type":"application/json; charset=UTF-8","vary":"X-Origin, Referer, Origin,Accept-Encoding","date":"Fri, 08 Jan 2021 04:43:34 GMT","server":"ESF","cache-control":"private","x-xss-protection":"0","x-frame-options":"SAMEORIGIN","x-content-type-options":"nosniff","server-timing":"gfet4t7; dur=834","alt-svc":"h3-29=\":443\"; ma=2592000,h3-T051=\":443\"; ma=2592000,h3-Q050=\":443\"; ma=2592000,h3-Q046=\":443\"; ma=2592000,h3-Q043=\":443\"; ma=2592000,quic=\":443\"; ma=2592000; v=\"46,43\"","accept-ranges":"none","transfer-encoding":"chunked"}
[debug] [2021-01-08T04:43:34.474Z] >>> HTTP REQUEST GET https://firebase.googleapis.com/v1beta1/projects/to-do-8bf05  
 
[debug] [2021-01-08T04:43:34.983Z] <<< HTTP RESPONSE 200 {"content-type":"application/json; charset=UTF-8","vary":"X-Origin, Referer, Origin,Accept-Encoding","date":"Fri, 08 Jan 2021 04:43:34 GMT","server":"ESF","cache-control":"private","x-xss-protection":"0","x-frame-options":"SAMEORIGIN","x-content-type-options":"nosniff","alt-svc":"h3-29=\":443\"; ma=2592000,h3-T051=\":443\"; ma=2592000,h3-Q050=\":443\"; ma=2592000,h3-Q046=\":443\"; ma=2592000,h3-Q043=\":443\"; ma=2592000,quic=\":443\"; ma=2592000; v=\"46,43\"","accept-ranges":"none","transfer-encoding":"chunked"}
[info] 
[info] === Deploying to 'to-do-8bf05'...
[info] 
[info] i  deploying hosting 
[debug] [2021-01-08T04:43:35.001Z] >>> HTTP REQUEST POST https://firebasehosting.googleapis.com/v1beta1/sites/to-do-8bf05/versions  
 {"config":{},"labels":{"deployment-tool":"cli-firebase"}}
[debug] [2021-01-08T04:43:36.848Z] <<< HTTP RESPONSE 200 {"content-type":"application/json; charset=UTF-8","vary":"X-Origin, Referer, Origin,Accept-Encoding","date":"Fri, 08 Jan 2021 04:43:36 GMT","server":"ESF","cache-control":"private","x-xss-protection":"0","x-frame-options":"SAMEORIGIN","x-content-type-options":"nosniff","alt-svc":"h3-29=\":443\"; ma=2592000,h3-T051=\":443\"; ma=2592000,h3-Q050=\":443\"; ma=2592000,h3-Q046=\":443\"; ma=2592000,h3-Q043=\":443\"; ma=2592000,quic=\":443\"; ma=2592000; v=\"46,43\"","accept-ranges":"none","transfer-encoding":"chunked"}
[info] i  hosting[to-do-8bf05]: beginning deploy... 
[info] i  hosting[to-do-8bf05]: found 33 files in build 
